Doom2DWAD\MAP23.map|MAP23
Doom2DWAD\MAP22.map|MAP22
Doom2DWAD\MAP21.map|MAP21
Doom2DWAD\MAP20.map|MAP20
Doom2DWAD\MAP19.map|MAP19
Doom2DWAD\MAP18.map|MAP18
Doom2DWAD\MAP17.map|MAP17
Doom2DWAD\MAP16.map|MAP16
Doom2DWAD\MAP15.map|MAP15
Doom2DWAD\MAP14.map|MAP14
Doom2DWAD\MAP13.map|MAP13
Doom2DWAD\MAP12.map|MAP12
Doom2DWAD\MAP11.map|MAP11
Doom2DWAD\MAP10.map|MAP10
Doom2DWAD\MAP09.map|MAP09
Doom2DWAD\MAP08.map|MAP08
Doom2DWAD\MAP07.map|MAP07
Doom2DWAD\MAP06.map|MAP06
Doom2DWAD\MAP05.map|MAP05
Doom2DWAD\MAP04.map|MAP04
Doom2DWAD\MAP03.map|MAP03
Doom2DWAD\MAP02.map|MAP02
Doom2DWAD\MAP01.map|MAP01
Doom2DWAD\DSPAUK.wav|DSPAUK
Doom2DWAD\INTERSCRIPT.txt|INTERSCRIPT
Doom2DWAD\ENDPIC.tga|ENDPIC
Doom2DWAD\WADPIC.tga|WADPIC
:MUSIC
Doom2DWAD\MUSIC\VICHAK.xm|VICHAK
Doom2DWAD\MUSIC\TR1.xm|TR1
Doom2DWAD\MUSIC\MELODY.xm|MELODY
Doom2DWAD\MUSIC\DOOM2.xm|DOOM2
